<?xml version="1.0" encoding="UTF-8"?>
<testng-results ignored="0" total="12" passed="12" failed="0" skipped="0">
  <reporter-output>
  </reporter-output>
  <suite started-at="2023-10-01T14:35:46 IST" name="Testing www.automationanywhere.com home page" finished-at="2023-10-01T14:36:56 IST" duration-ms="70658">
    <groups>
    </groups>
    <test started-at="2023-10-01T14:35:46 IST" name="Regression" finished-at="2023-10-01T14:36:56 IST" duration-ms="70658">
      <class name="Question6.Question4_TestNG">
        <test-method is-config="true" signature="set_up()[pri:0, instance:Question6.Question4_TestNG@1ed1993a]" started-at="2023-10-01T14:35:58 IST" name="set_up" finished-at="2023-10-01T14:36:04 IST" duration-ms="5760" status="PASS">
          <reporter-output>
          </reporter-output>
        </test-method> <!-- set_up -->
        <test-method signature="verify_home_header_link_availability(java.lang.String,java.lang.String)[pri:0, instance:Question6.Question4_TestNG@1ed1993a]" started-at="2023-10-01T14:36:04 IST" name="verify_home_header_link_availability" data-provider="test_data" finished-at="2023-10-01T14:36:04 IST" duration-ms="50" status="PASS">
          <params>
            <param index="0">
              <value>
                <![CDATA[Products]]>
              </value>
            </param>
            <param index="1">
              <value>
                <![CDATA[https://www.automationanywhere.com/products]]>
              </value>
            </param>
          </params>
          <reporter-output>
          </reporter-output>
        </test-method> <!-- verify_home_header_link_availability -->
        <test-method signature="verify_home_header_link_availability(java.lang.String,java.lang.String)[pri:0, instance:Question6.Question4_TestNG@1ed1993a]" started-at="2023-10-01T14:36:04 IST" name="verify_home_header_link_availability" data-provider="test_data" finished-at="2023-10-01T14:36:04 IST" duration-ms="37" status="PASS">
          <params>
            <param index="0">
              <value>
                <![CDATA[Solutions]]>
              </value>
            </param>
            <param index="1">
              <value>
                <![CDATA[https://www.automationanywhere.com/solutions]]>
              </value>
            </param>
          </params>
          <reporter-output>
          </reporter-output>
        </test-method> <!-- verify_home_header_link_availability -->
        <test-method signature="verify_home_header_link_availability(java.lang.String,java.lang.String)[pri:0, instance:Question6.Question4_TestNG@1ed1993a]" started-at="2023-10-01T14:36:04 IST" name="verify_home_header_link_availability" data-provider="test_data" finished-at="2023-10-01T14:36:04 IST" duration-ms="32" status="PASS">
          <params>
            <param index="0">
              <value>
                <![CDATA[Resources]]>
              </value>
            </param>
            <param index="1">
              <value>
                <![CDATA[https://www.automationanywhere.com/resources]]>
              </value>
            </param>
          </params>
          <reporter-output>
          </reporter-output>
        </test-method> <!-- verify_home_header_link_availability -->
        <test-method signature="verify_home_header_link_availability(java.lang.String,java.lang.String)[pri:0, instance:Question6.Question4_TestNG@1ed1993a]" started-at="2023-10-01T14:36:04 IST" name="verify_home_header_link_availability" data-provider="test_data" finished-at="2023-10-01T14:36:04 IST" duration-ms="29" status="PASS">
          <params>
            <param index="0">
              <value>
                <![CDATA[Beyond RPA]]>
              </value>
            </param>
            <param index="1">
              <value>
                <![CDATA[https://www.automationanywhere.com/rpa/robotic-process-automation]]>
              </value>
            </param>
          </params>
          <reporter-output>
          </reporter-output>
        </test-method> <!-- verify_home_header_link_availability -->
        <test-method signature="verify_home_header_link_availability(java.lang.String,java.lang.String)[pri:0, instance:Question6.Question4_TestNG@1ed1993a]" started-at="2023-10-01T14:36:04 IST" name="verify_home_header_link_availability" data-provider="test_data" finished-at="2023-10-01T14:36:04 IST" duration-ms="29" status="PASS">
          <params>
            <param index="0">
              <value>
                <![CDATA[Company]]>
              </value>
            </param>
            <param index="1">
              <value>
                <![CDATA[https://www.automationanywhere.com/company/about-us]]>
              </value>
            </param>
          </params>
          <reporter-output>
          </reporter-output>
        </test-method> <!-- verify_home_header_link_availability -->
        <test-method signature="verify_home_header_links_navigation(java.lang.String,java.lang.String)[pri:1, instance:Question6.Question4_TestNG@1ed1993a]" started-at="2023-10-01T14:36:04 IST" name="verify_home_header_links_navigation" data-provider="test_data" finished-at="2023-10-01T14:36:14 IST" depends-on-methods="Question6.Question4_TestNG.verify_home_header_link_availability" duration-ms="10004" status="PASS">
          <params>
            <param index="0">
              <value>
                <![CDATA[Products]]>
              </value>
            </param>
            <param index="1">
              <value>
                <![CDATA[https://www.automationanywhere.com/products]]>
              </value>
            </param>
          </params>
          <reporter-output>
          </reporter-output>
        </test-method> <!-- verify_home_header_links_navigation -->
        <test-method signature="verify_home_header_links_navigation(java.lang.String,java.lang.String)[pri:1, instance:Question6.Question4_TestNG@1ed1993a]" started-at="2023-10-01T14:36:14 IST" name="verify_home_header_links_navigation" data-provider="test_data" finished-at="2023-10-01T14:36:20 IST" depends-on-methods="Question6.Question4_TestNG.verify_home_header_link_availability" duration-ms="5998" status="PASS">
          <params>
            <param index="0">
              <value>
                <![CDATA[Solutions]]>
              </value>
            </param>
            <param index="1">
              <value>
                <![CDATA[https://www.automationanywhere.com/solutions]]>
              </value>
            </param>
          </params>
          <reporter-output>
          </reporter-output>
        </test-method> <!-- verify_home_header_links_navigation -->
        <test-method signature="verify_home_header_links_navigation(java.lang.String,java.lang.String)[pri:1, instance:Question6.Question4_TestNG@1ed1993a]" started-at="2023-10-01T14:36:20 IST" name="verify_home_header_links_navigation" data-provider="test_data" finished-at="2023-10-01T14:36:26 IST" depends-on-methods="Question6.Question4_TestNG.verify_home_header_link_availability" duration-ms="6164" status="PASS">
          <params>
            <param index="0">
              <value>
                <![CDATA[Resources]]>
              </value>
            </param>
            <param index="1">
              <value>
                <![CDATA[https://www.automationanywhere.com/resources]]>
              </value>
            </param>
          </params>
          <reporter-output>
          </reporter-output>
        </test-method> <!-- verify_home_header_links_navigation -->
        <test-method signature="verify_home_header_links_navigation(java.lang.String,java.lang.String)[pri:1, instance:Question6.Question4_TestNG@1ed1993a]" started-at="2023-10-01T14:36:26 IST" name="verify_home_header_links_navigation" data-provider="test_data" finished-at="2023-10-01T14:36:50 IST" depends-on-methods="Question6.Question4_TestNG.verify_home_header_link_availability" duration-ms="23847" status="PASS">
          <params>
            <param index="0">
              <value>
                <![CDATA[Beyond RPA]]>
              </value>
            </param>
            <param index="1">
              <value>
                <![CDATA[https://www.automationanywhere.com/rpa/robotic-process-automation]]>
              </value>
            </param>
          </params>
          <reporter-output>
          </reporter-output>
        </test-method> <!-- verify_home_header_links_navigation -->
        <test-method signature="verify_home_header_links_navigation(java.lang.String,java.lang.String)[pri:1, instance:Question6.Question4_TestNG@1ed1993a]" started-at="2023-10-01T14:36:50 IST" name="verify_home_header_links_navigation" data-provider="test_data" finished-at="2023-10-01T14:36:56 IST" depends-on-methods="Question6.Question4_TestNG.verify_home_header_link_availability" duration-ms="5793" status="PASS">
          <params>
            <param index="0">
              <value>
                <![CDATA[Company]]>
              </value>
            </param>
            <param index="1">
              <value>
                <![CDATA[https://www.automationanywhere.com/company/about-us]]>
              </value>
            </param>
          </params>
          <reporter-output>
          </reporter-output>
        </test-method> <!-- verify_home_header_links_navigation -->
        <test-method is-config="true" signature="tear_down()[pri:0, instance:Question6.Question4_TestNG@1ed1993a]" started-at="2023-10-01T14:36:56 IST" name="tear_down" finished-at="2023-10-01T14:36:56 IST" duration-ms="371" status="PASS">
          <reporter-output>
          </reporter-output>
        </test-method> <!-- tear_down -->
      </class> <!-- Question6.Question4_TestNG -->
      <class name="Question6.Question3_TestNG">
        <test-method is-config="true" signature="set_up()[pri:0, instance:Question6.Question3_TestNG@7f010382]" started-at="2023-10-01T14:35:46 IST" name="set_up" finished-at="2023-10-01T14:35:55 IST" duration-ms="8913" status="PASS">
          <reporter-output>
          </reporter-output>
        </test-method> <!-- set_up -->
        <test-method signature="verify_logo()[pri:1, instance:Question6.Question3_TestNG@7f010382]" started-at="2023-10-01T14:35:55 IST" name="verify_logo" finished-at="2023-10-01T14:35:55 IST" duration-ms="61" status="PASS">
          <reporter-output>
          </reporter-output>
        </test-method> <!-- verify_logo -->
        <test-method signature="verify_RequestDemo_button()[pri:2, instance:Question6.Question3_TestNG@7f010382]" started-at="2023-10-01T14:35:55 IST" name="verify_RequestDemo_button" finished-at="2023-10-01T14:35:58 IST" duration-ms="3161" status="PASS">
          <reporter-output>
          </reporter-output>
        </test-method> <!-- verify_RequestDemo_button -->
        <test-method is-config="true" signature="tear_down()[pri:0, instance:Question6.Question3_TestNG@7f010382]" started-at="2023-10-01T14:35:58 IST" name="tear_down" finished-at="2023-10-01T14:35:58 IST" duration-ms="380" status="PASS">
          <reporter-output>
          </reporter-output>
        </test-method> <!-- tear_down -->
      </class> <!-- Question6.Question3_TestNG -->
    </test> <!-- Regression -->
  </suite> <!-- Testing www.automationanywhere.com home page -->
</testng-results>
