<?xml version="1.0" encoding="UTF-8"?>
<testsuite name="TestSuite" time="55.207" tests="12" errors="0" skipped="0" failures="0">
  <properties>
[...]
</properties>
  <testcase name="verify_logo" classname="Question6.Question3_TestNG" time="0.061"/>
  <testcase name="verify_RequestDemo_button" classname="Question6.Question3_TestNG" time="3.161"/>
  <testcase name="verify_home_header_link_availability" classname="Question6.Question4_TestNG" time="0.05"/>
  <testcase name="verify_home_header_link_availability" classname="Question6.Question4_TestNG" time="0.037"/>
  <testcase name="verify_home_header_link_availability" classname="Question6.Question4_TestNG" time="0.032"/>
  <testcase name="verify_home_header_link_availability" classname="Question6.Question4_TestNG" time="0.028"/>
  <testcase name="verify_home_header_link_availability" classname="Question6.Question4_TestNG" time="0.029"/>
  <testcase name="verify_home_header_links_navigation" classname="Question6.Question4_TestNG" time="10.004"/>
  <testcase name="verify_home_header_links_navigation" classname="Question6.Question4_TestNG" time="5.992"/>
  <testcase name="verify_home_header_links_navigation" classname="Question6.Question4_TestNG" time="6.166"/>
  <testcase name="verify_home_header_links_navigation" classname="Question6.Question4_TestNG" time="23.844"/>
  <testcase name="verify_home_header_links_navigation" classname="Question6.Question4_TestNG" time="5.803"/>
</testsuite>