<?xml version="1.0" encoding="UTF-8"?>
<!-- Generated by org.testng.reporters.JUnitXMLReporter -->
<testsuite ignored="1" hostname="LAPTOP-8QTKQT2H" failures="0" tests="12" name="Regression" time="70.658" errors="0" timestamp="2023-10-01T14:36:56 IST">
  <testcase classname="Question6.Question3_TestNG" name="verify_logo" time="0.061"/>
  <testcase classname="Question6.Question3_TestNG" name="verify_RequestDemo_button" time="3.161"/>
  <testcase classname="Question6.Question4_TestNG" name="verify_home_header_link_availability" time="0.05"/>
  <testcase classname="Question6.Question4_TestNG" name="verify_home_header_link_availability" time="0.037"/>
  <testcase classname="Question6.Question4_TestNG" name="verify_home_header_link_availability" time="0.032"/>
  <testcase classname="Question6.Question4_TestNG" name="verify_home_header_link_availability" time="0.029"/>
  <testcase classname="Question6.Question4_TestNG" name="verify_home_header_link_availability" time="0.029"/>
  <testcase classname="Question6.Question4_TestNG" name="verify_home_header_links_navigation" time="10.004"/>
  <testcase classname="Question6.Question4_TestNG" name="verify_home_header_links_navigation" time="5.998"/>
  <testcase classname="Question6.Question4_TestNG" name="verify_home_header_links_navigation" time="6.164"/>
  <testcase classname="Question6.Question4_TestNG" name="verify_home_header_links_navigation" time="23.847"/>
  <testcase classname="Question6.Question4_TestNG" name="verify_home_header_links_navigation" time="5.793"/>
  <testcase classname="Question6.Question3_TestNG" name="verify_RequestDemo_button_navigation" time="0.0">
    <ignored/>
  </testcase> <!-- verify_RequestDemo_button_navigation -->
</testsuite> <!-- Regression -->
