<?xml version="1.0" encoding="UTF-8"?>
<testng-results ignored="0" total="2" passed="1" failed="1" skipped="0">
  <reporter-output>
  </reporter-output>
  <suite started-at="2023-10-16T13:50:08 IST" name="Default suite" finished-at="2023-10-16T13:51:14 IST" duration-ms="65520">
    <groups>
    </groups>
    <test started-at="2023-10-16T13:50:08 IST" name="Default test" finished-at="2023-10-16T13:51:14 IST" duration-ms="65520">
      <class name="test.AddToCardTest">
        <test-method is-config="true" signature="setup()[pri:0, instance:test.AddToCardTest@1d296da]" started-at="2023-10-16T13:50:01 IST" name="setup" finished-at="2023-10-16T13:50:08 IST" duration-ms="7323" status="PASS">
          <reporter-output>
          </reporter-output>
        </test-method> <!-- setup -->
        <test-method signature="searchProduct()[pri:1, instance:test.AddToCardTest@1d296da]" started-at="2023-10-16T13:50:08 IST" name="searchProduct" finished-at="2023-10-16T13:50:12 IST" duration-ms="3180" status="PASS">
          <reporter-output>
          </reporter-output>
        </test-method> <!-- searchProduct -->
        <test-method signature="clickFirstItem()[pri:2, instance:test.AddToCardTest@1d296da]" started-at="2023-10-16T13:50:12 IST" name="clickFirstItem" finished-at="2023-10-16T13:51:14 IST" duration-ms="62232" status="FAIL">
          <exception class="org.openqa.selenium.NoSuchElementException">
            <message>
              <![CDATA[no such element: Unable to locate element: {"method":"xpath","selector":"//*[@id='container']/div/div[3]/div[1]/div[2]/div[3]/div/div[1]/h1/span"}
  (Session info: chrome=117.0.5938.152)
For documentation on this error, please visit: https://www.selenium.dev/documentation/webdriver/troubleshooting/errors#no-such-element-exception
Build info: version: '4.13.0', revision: 'ba948ece5b*'
System info: os.name: 'Windows 11', os.arch: 'amd64', os.version: '10.0', java.version: '20.0.2'
Driver info: org.openqa.selenium.chrome.ChromeDriver
Command: [f79f58d911e882220b45bfe8104a53a3, findElement {using=xpath, value=//*[@id='container']/div/div[3]/div[1]/div[2]/div[3]/div/div[1]/h1/span}]
Capabilities {acceptInsecureCerts: false, browserName: chrome, browserVersion: 117.0.5938.152, chrome: {chromedriverVersion: 117.0.5938.92 (67649b10b92b..., userDataDir: C:\Users\VAJINT~1\AppData\L...}, fedcm:accounts: true, goog:chromeOptions: {debuggerAddress: localhost:61091}, networkConnectionEnabled: false, pageLoadStrategy: normal, platformName: windows, proxy: Proxy(), se:cdp: ws://localhost:61091/devtoo..., se:cdpVersion: 117.0.5938.152, setWindowRect: true, strictFileInteractability: false, timeouts: {implicit: 0, pageLoad: 300000, script: 30000}, unhandledPromptBehavior: dismiss and notify, webauthn:extension:credBlob: true, webauthn:extension:largeBlob: true, webauthn:extension:minPinLength: true, webauthn:extension:prf: true, webauthn:virtualAuthenticators: true}
Session ID: f79f58d911e882220b45bfe8104a53a3]]>
            </message>
            <full-stacktrace>
              <![CDATA[org.openqa.selenium.NoSuchElementException: no such element: Unable to locate element: {"method":"xpath","selector":"//*[@id='container']/div/div[3]/div[1]/div[2]/div[3]/div/div[1]/h1/span"}
  (Session info: chrome=117.0.5938.152)
For documentation on this error, please visit: https://www.selenium.dev/documentation/webdriver/troubleshooting/errors#no-such-element-exception
Build info: version: '4.13.0', revision: 'ba948ece5b*'
System info: os.name: 'Windows 11', os.arch: 'amd64', os.version: '10.0', java.version: '20.0.2'
Driver info: org.openqa.selenium.chrome.ChromeDriver
Command: [f79f58d911e882220b45bfe8104a53a3, findElement {using=xpath, value=//*[@id='container']/div/div[3]/div[1]/div[2]/div[3]/div/div[1]/h1/span}]
Capabilities {acceptInsecureCerts: false, browserName: chrome, browserVersion: 117.0.5938.152, chrome: {chromedriverVersion: 117.0.5938.92 (67649b10b92b..., userDataDir: C:\Users\VAJINT~1\AppData\L...}, fedcm:accounts: true, goog:chromeOptions: {debuggerAddress: localhost:61091}, networkConnectionEnabled: false, pageLoadStrategy: normal, platformName: windows, proxy: Proxy(), se:cdp: ws://localhost:61091/devtoo..., se:cdpVersion: 117.0.5938.152, setWindowRect: true, strictFileInteractability: false, timeouts: {implicit: 0, pageLoad: 300000, script: 30000}, unhandledPromptBehavior: dismiss and notify, webauthn:extension:credBlob: true, webauthn:extension:largeBlob: true, webauthn:extension:minPinLength: true, webauthn:extension:prf: true, webauthn:virtualAuthenticators: true}
Session ID: f79f58d911e882220b45bfe8104a53a3
at java.base/jdk.internal.reflect.DirectConstructorHandleAccessor.newInstance(DirectConstructorHandleAccessor.java:67)
at java.base/java.lang.reflect.Constructor.newInstanceWithCaller(Constructor.java:500)
at java.base/java.lang.reflect.Constructor.newInstance(Constructor.java:484)
at org.openqa.selenium.remote.codec.w3c.W3CHttpResponseCodec.createException(W3CHttpResponseCodec.java:200)
at org.openqa.selenium.remote.codec.w3c.W3CHttpResponseCodec.decode(W3CHttpResponseCodec.java:133)
at org.openqa.selenium.remote.codec.w3c.W3CHttpResponseCodec.decode(W3CHttpResponseCodec.java:52)
at org.openqa.selenium.remote.HttpCommandExecutor.execute(HttpCommandExecutor.java:191)
at org.openqa.selenium.remote.service.DriverCommandExecutor.invokeExecute(DriverCommandExecutor.java:196)
at org.openqa.selenium.remote.service.DriverCommandExecutor.execute(DriverCommandExecutor.java:171)
at org.openqa.selenium.remote.RemoteWebDriver.execute(RemoteWebDriver.java:602)
at org.openqa.selenium.remote.ElementLocation$ElementFinder$2.findElement(ElementLocation.java:165)
at org.openqa.selenium.remote.ElementLocation.findElement(ElementLocation.java:59)
at org.openqa.selenium.remote.RemoteWebDriver.findElement(RemoteWebDriver.java:359)
at org.openqa.selenium.remote.RemoteWebDriver.findElement(RemoteWebDriver.java:353)
at framework.Base.getText(Base.java:62)
at pages.ItemDetailsPage.VerifyItem(ItemDetailsPage.java:17)
at test.AddToCardTest.clickFirstItem(AddToCardTest.java:44)
at java.base/jdk.internal.reflect.DirectMethodHandleAccessor.invoke(DirectMethodHandleAccessor.java:104)
at java.base/java.lang.reflect.Method.invoke(Method.java:578)
at org.testng.internal.invokers.MethodInvocationHelper.invokeMethod(MethodInvocationHelper.java:139)
at org.testng.internal.invokers.TestInvoker.invokeMethod(TestInvoker.java:664)
at org.testng.internal.invokers.TestInvoker.invokeTestMethod(TestInvoker.java:227)
at org.testng.internal.invokers.MethodRunner.runInSequence(MethodRunner.java:50)
at org.testng.internal.invokers.TestInvoker$MethodInvocationAgent.invoke(TestInvoker.java:957)
at org.testng.internal.invokers.TestInvoker.invokeTestMethods(TestInvoker.java:200)
at org.testng.internal.invokers.TestMethodWorker.invokeTestMethods(TestMethodWorker.java:148)
at org.testng.internal.invokers.TestMethodWorker.run(TestMethodWorker.java:128)
at java.base/java.util.ArrayList.forEach(ArrayList.java:1511)
at org.testng.TestRunner.privateRun(TestRunner.java:848)
at org.testng.TestRunner.run(TestRunner.java:621)
at org.testng.SuiteRunner.runTest(SuiteRunner.java:443)
at org.testng.SuiteRunner.runSequentially(SuiteRunner.java:437)
at org.testng.SuiteRunner.privateRun(SuiteRunner.java:397)
at org.testng.SuiteRunner.run(SuiteRunner.java:336)
at org.testng.SuiteRunnerWorker.runSuite(SuiteRunnerWorker.java:52)
at org.testng.SuiteRunnerWorker.run(SuiteRunnerWorker.java:95)
at org.testng.TestNG.runSuitesSequentially(TestNG.java:1280)
at org.testng.TestNG.runSuitesLocally(TestNG.java:1200)
at org.testng.TestNG.runSuites(TestNG.java:1114)
at org.testng.TestNG.run(TestNG.java:1082)
at org.testng.remote.AbstractRemoteTestNG.run(AbstractRemoteTestNG.java:115)
at org.testng.remote.RemoteTestNG.initAndRun(RemoteTestNG.java:251)
at org.testng.remote.RemoteTestNG.main(RemoteTestNG.java:77)
]]>
            </full-stacktrace>
          </exception> <!-- org.openqa.selenium.NoSuchElementException -->
          <reporter-output>
          </reporter-output>
        </test-method> <!-- clickFirstItem -->
        <test-method is-config="true" signature="end_test()[pri:0, instance:test.AddToCardTest@1d296da]" started-at="2023-10-16T13:51:14 IST" name="end_test" finished-at="2023-10-16T13:51:14 IST" duration-ms="346" status="PASS">
          <reporter-output>
          </reporter-output>
        </test-method> <!-- end_test -->
      </class> <!-- test.AddToCardTest -->
    </test> <!-- Default test -->
  </suite> <!-- Default suite -->
</testng-results>
